\BOOKMARK [1][-]{section.1}{\376\377\116\373\122\241\211\201\154\102\116\016\140\073\117\123\143\007\150\007}{}% 1
\BOOKMARK [1][-]{section.2}{\376\377\145\271\150\110\213\272\213\301\116\016\220\011\142\351}{}% 2
\BOOKMARK [2][-]{subsection.2.1}{\376\377\123\357\220\011\145\271\150\110\153\324\217\203}{section.2}% 3
\BOOKMARK [2][-]{subsection.2.2}{\376\377\147\054\213\276\213\241\140\073\117\123\176\323\147\204}{section.2}% 4
\BOOKMARK [1][-]{section.3}{\376\377\164\006\213\272\122\006\147\220\116\016\213\241\173\227}{}% 5
\BOOKMARK [2][-]{subsection.3.1}{\376\377\117\341\123\367\152\041\127\213}{section.3}% 6
\BOOKMARK [2][-]{subsection.3.2}{\376\377\221\307\150\067\163\207\116\016\000\040\000F\000F\000T\000\040\122\006\217\250\163\207}{section.3}% 7
\BOOKMARK [2][-]{subsection.3.3}{\376\377\230\221\163\207\150\005\150\074\124\070\226\104}{section.3}% 8
\BOOKMARK [2][-]{subsection.3.4}{\376\377\000D\000D\000S\000\040\230\221\163\207\143\247\122\066\133\127}{section.3}% 9
\BOOKMARK [2][-]{subsection.3.5}{\376\377\166\370\117\115\116\016\171\373\166\370\213\364\146\016}{section.3}% 10
\BOOKMARK [1][-]{section.4}{\376\377\165\065\215\357\213\276\213\241}{}% 11
\BOOKMARK [2][-]{subsection.4.1}{\376\377\122\240\154\325\126\150}{section.4}% 12
\BOOKMARK [2][-]{subsection.4.2}{\376\377\221\307\226\306\165\065\215\357}{section.4}% 13
\BOOKMARK [2][-]{subsection.4.3}{\376\377\000D\000D\000S\000\040\217\223\121\372\165\065\215\357}{section.4}% 14
\BOOKMARK [2][-]{subsection.4.4}{\376\377\165\065\156\220\213\276\213\241}{section.4}% 15
\BOOKMARK [1][-]{section.5}{\376\377\172\013\136\217\213\276\213\241}{}% 16
\BOOKMARK [2][-]{subsection.5.1}{\376\377\217\157\116\366\140\073\117\123\155\101\172\013}{section.5}% 17
\BOOKMARK [2][-]{subsection.5.2}{\376\377\221\307\150\067\232\161\122\250}{section.5}% 18
\BOOKMARK [2][-]{subsection.5.3}{\376\377\230\221\214\061\213\306\122\053\173\227\154\325}{section.5}% 19
\BOOKMARK [2][-]{subsection.5.4}{\376\377\000D\000D\000S\000\040\143\247\122\066}{section.5}% 20
\BOOKMARK [1][-]{section.6}{\376\377\155\113\213\325\145\271\150\110\116\016\176\323\147\234\213\260\137\125}{}% 21
\BOOKMARK [1][-]{section.7}{\376\377\145\071\217\333\145\271\150\110}{}% 22
\BOOKMARK [1][-]{section.8}{\376\377\176\323\213\272}{}% 23
